{
  "uuid": "3c8d9b8b-b369-478a-af56-d5b62709e77c",
  "historyId": "17d9f0b52bd5dd7ab2047153034a0d21",
  "testCaseId": "3241c84c377bfa6fb8f7037b2678f04e",
  "fullName": "SpecFlowBDDAutomationFramework/Features/PageObjectModel/PageObjectModel",
  "labels": [
    {
      "name": "thread",
      "value": "NonParallelWorker"
    },
    {
      "name": "host",
      "value": "KanadePC"
    },
    {
      "name": "language",
      "value": "C#"
    },
    {
      "name": "framework",
      "value": "SpecFlow"
    },
    {
      "name": "feature",
      "value": "PageObjectModel"
    },
    {
      "name": "tag",
      "value": "Task6"
    }
  ],
  "links": [],
  "name": "PageObjectModel",
  "status": "failed",
  "statusDetails": {
    "known": false,
    "muted": false,
    "flaky": false,
    "message": "  Expected string length 15 but was 22. Strings differ at index 15.\n  Expected: \"Testers Talk - \"\n  But was:  \"Testers Talk - YouTube\"\n  --------------------------^\n",
    "trace": "NUnit.Framework.AssertionException:   Expected string length 15 but was 22. Strings differ at index 15.\n  Expected: \"Testers Talk - \"\n  But was:  \"Testers Talk - YouTube\"\n  --------------------------^\n\n   at NUnit.Framework.Assert.ReportFailure(String message)\n   at NUnit.Framework.Assert.ReportFailure(ConstraintResult result, String message, Object[] args)\n   at NUnit.Framework.Assert.That[TActual](TActual actual, IResolveConstraint expression, String message, Object[] args)\n   at NUnit.Framework.Assert.AreEqual(Object expected, Object actual)\n   at SpecFlowBDDAutomationFramework.StepDefinitions.PageObjectModelStepDefinitions.ThenVerifyTitleOfThePage() in /home/Kanade/RiderProjects/SpecFlowBDDAutomationFramework/Steps/PageObjectModelStepDefinitions.cs:line 47\n   at TechTalk.SpecFlow.Bindings.BindingInvoker.InvokeBinding(IBinding binding, IContextManager contextManager, Object[] arguments, ITestTracer testTracer, TimeSpan& duration)\n   at Allure.SpecFlowPlugin.AllureBindingInvoker.InvokeBinding(IBinding binding, IContextManager contextManager, Object[] arguments, ITestTracer testTracer, TimeSpan& duration)\n   at TechTalk.SpecFlow.Infrastructure.TestExecutionEngine.ExecuteStepMatch(BindingMatch match, Object[] arguments, TimeSpan& duration)\n   at TechTalk.SpecFlow.Infrastructure.TestExecutionEngine.ExecuteStep(IContextManager contextManager, StepInstance stepInstance)"
  },
  "stage": "finished",
  "steps": [
    {
      "name": "Given  Enter the youtube URL",
      "status": "passed",
      "statusDetails": {
        "known": false,
        "muted": false,
        "flaky": false
      },
      "stage": "finished",
      "steps": [],
      "attachments": [],
      "parameters": [],
      "start": 1712820080032,
      "stop": 1712820090137
    },
    {
      "name": "When  Search for the testers talk in youtube",
      "status": "passed",
      "statusDetails": {
        "known": false,
        "muted": false,
        "flaky": false
      },
      "stage": "finished",
      "steps": [],
      "attachments": [],
      "parameters": [],
      "start": 1712820090141,
      "stop": 1712820094470
    },
    {
      "name": "And  Navigate to channel",
      "status": "passed",
      "statusDetails": {
        "known": false,
        "muted": false,
        "flaky": false
      },
      "stage": "finished",
      "steps": [],
      "attachments": [],
      "parameters": [],
      "start": 1712820094471,
      "stop": 1712820098847
    },
    {
      "name": "Then  Verify title of the page",
      "status": "failed",
      "statusDetails": {
        "known": false,
        "muted": false,
        "flaky": false,
        "message": "  Expected string length 15 but was 22. Strings differ at index 15.\n  Expected: \"Testers Talk - \"\n  But was:  \"Testers Talk - YouTube\"\n  --------------------------^\n",
        "trace": "NUnit.Framework.AssertionException:   Expected string length 15 but was 22. Strings differ at index 15.\n  Expected: \"Testers Talk - \"\n  But was:  \"Testers Talk - YouTube\"\n  --------------------------^\n\n   at NUnit.Framework.Assert.ReportFailure(String message)\n   at NUnit.Framework.Assert.ReportFailure(ConstraintResult result, String message, Object[] args)\n   at NUnit.Framework.Assert.That[TActual](TActual actual, IResolveConstraint expression, String message, Object[] args)\n   at NUnit.Framework.Assert.AreEqual(Object expected, Object actual)\n   at SpecFlowBDDAutomationFramework.StepDefinitions.PageObjectModelStepDefinitions.ThenVerifyTitleOfThePage() in /home/Kanade/RiderProjects/SpecFlowBDDAutomationFramework/Steps/PageObjectModelStepDefinitions.cs:line 47\n   at TechTalk.SpecFlow.Bindings.BindingInvoker.InvokeBinding(IBinding binding, IContextManager contextManager, Object[] arguments, ITestTracer testTracer, TimeSpan& duration)\n   at Allure.SpecFlowPlugin.AllureBindingInvoker.InvokeBinding(IBinding binding, IContextManager contextManager, Object[] arguments, ITestTracer testTracer, TimeSpan& duration)\n   at TechTalk.SpecFlow.Infrastructure.TestExecutionEngine.ExecuteStepMatch(BindingMatch match, Object[] arguments, TimeSpan& duration)\n   at TechTalk.SpecFlow.Infrastructure.TestExecutionEngine.ExecuteStep(IContextManager contextManager, StepInstance stepInstance)"
      },
      "stage": "finished",
      "steps": [],
      "attachments": [],
      "parameters": [],
      "start": 1712820098848,
      "stop": 1712820099185
    }
  ],
  "attachments": [],
  "parameters": [],
  "start": 1712820080023,
  "stop": 1712820100180
}